INFO:     Will watch for changes in these directories: ['C:\\Users\\helen\\Desktop\\kt cloud tech up\\advanced_project\\blooming-v1\\backend']
INFO:     Uvicorn running on http://127.0.0.1:8000 (Press CTRL+C to quit)
INFO:     Started reloader process [16928] using WatchFiles
INFO:     Started server process [34764]
INFO:     Waiting for application startup.
ERROR:    Traceback (most recent call last):
  File "C:\Users\helen\anaconda3\Lib\site-packages\starlette\routing.py", line 694, in lifespan
    async with self.lifespan_context(app) as maybe_state:
               ^^^^^^^^^^^^^^^^^^^^^^^^^^
  File "C:\Users\helen\anaconda3\Lib\contextlib.py", line 210, in __aenter__
    return await anext(self.gen)
           ^^^^^^^^^^^^^^^^^^^^^
  File "C:\Users\helen\anaconda3\Lib\site-packages\fastapi\routing.py", line 211, in merged_lifespan
    async with original_context(app) as maybe_original_state:
               ^^^^^^^^^^^^^^^^^^^^^
  File "C:\Users\helen\anaconda3\Lib\site-packages\starlette\routing.py", line 571, in __aenter__
    await self._router.startup()
  File "C:\Users\helen\anaconda3\Lib\site-packages\starlette\routing.py", line 671, in startup
    await handler()
  File "C:\Users\helen\Desktop\kt cloud tech up\advanced_project\blooming-v1\backend\main.py", line 47, in startup_event
    print("\U0001f338 Blooming CRM API 서버가 시작되었습니다.")
UnicodeEncodeError: 'cp949' codec can't encode character '\U0001f338' in position 0: illegal multibyte sequence

ERROR:    Application startup failed. Exiting.
